{"level":"debug","datetime":"2025-11-12T06:25:12.005Z","message":"HSM raw data","data":[{"stat":"Ok","type":"cn","msg":"successful","stCode":200}],"functionName":"conversion"}
{"level":"debug","datetime":"2025-11-12T06:25:15.546Z","message":"HSM raw data","data":[{"stat":"Ok","type":"sub","msg":"successful","stCode":200}],"functionName":"conversion"}
{"level":"debug","datetime":"2025-11-12T06:25:15.547Z","message":"HSM raw data","data":[{"stat":"Ok","type":"cp","msg":"successful","stCode":200}],"functionName":"conversion"}
{"level":"debug","datetime":"2025-11-12T06:25:15.547Z","message":"HSM raw data","data":[{"stat":"Ok","type":"cr","msg":"successful","stCode":200}],"functionName":"conversion"}
{"level":"debug","datetime":"2025-11-12T06:25:15.650Z","message":"HSM raw data","data":[{"ltp":185.65,"v":75381825,"ltt":1762928713,"fdtm":1762928713,"bq":1050,"bs":975,"bp":185.3,"sp":185.7,"ltq":75,"tbq":2914350,"tsq":525000,"ap":167.87,"oi":3659400,"lo":146.05,"h":193.3,"lcl":0.05,"ucl":588.75,"op":171,"c":111.8,"cng":73.85,"nc":66.06,"to":1265434696275,"ts":"NIFTY18NOV25C25850","name":"sf","tk":"44289","e":"nse_fo"}],"functionName":"conversion"}
{"level":"debug","datetime":"2025-11-12T06:25:15.798Z","message":"HSM raw data","data":[{"ltp":185.8,"fdtm":1762928714,"cng":74,"nc":66.19,"name":"sf","tk":"44289","e":"nse_fo"}],"functionName":"conversion"}
{"level":"debug","datetime":"2025-11-12T06:25:16.238Z","message":"HSM raw data","data":[{"ltp":185.35,"cng":73.55,"nc":65.79,"name":"sf","tk":"44289","e":"nse_fo"}],"functionName":"conversion"}
{"level":"debug","datetime":"2025-11-12T06:25:16.984Z","message":"HSM raw data","data":[{"ltp":185.65,"v":75392625,"ltt":1762928715,"fdtm":1762928715,"bs":150,"sp":185.65,"tbq":2916675,"tsq":528375,"cng":73.85,"nc":66.06,"to":1265615995875,"name":"sf","tk":"44289","e":"nse_fo"}],"functionName":"conversion"}
{"level":"debug","datetime":"2025-11-12T06:25:17.430Z","message":"HSM raw data","data":[{"ltp":185.7,"ltq":150,"cng":73.9,"nc":66.1,"name":"sf","tk":"44289","e":"nse_fo"}],"functionName":"conversion"}
{"level":"debug","datetime":"2025-11-12T06:25:18.347Z","message":"HSM raw data","data":[{"ltp":185.6,"v":75394950,"ltt":1762928716,"fdtm":1762928716,"bq":900,"bs":1425,"bp":185.2,"sp":185.6,"ltq":75,"tbq":2914950,"tsq":528750,"cng":73.8,"nc":66.01,"to":1265655025650,"name":"sf","tk":"44289","e":"nse_fo"}],"functionName":"conversion"}
{"level":"debug","datetime":"2025-11-12T06:25:18.659Z","message":"HSM raw data","data":[{"ltp":185.65,"v":75396450,"ltt":1762928717,"fdtm":1762928717,"bq":150,"bs":300,"bp":185.3,"sp":185.65,"tbq":2918400,"tsq":528300,"cng":73.85,"nc":66.06,"to":1265680206150,"name":"sf","tk":"44289","e":"nse_fo"}],"functionName":"conversion"}
{"level":"debug","datetime":"2025-11-12T06:25:19.480Z","message":"HSM raw data","data":[{"ltp":185.15,"cng":73.35,"nc":65.61,"name":"sf","tk":"44289","e":"nse_fo"}],"functionName":"conversion"}
{"level":"debug","datetime":"2025-11-12T06:25:19.895Z","message":"HSM raw data","data":[{"ltp":185.35,"v":75400875,"ltt":1762928718,"fdtm":1762928718,"bs":825,"bp":185.1,"sp":185.35,"tbq":2913150,"tsq":530100,"cng":73.55,"nc":65.79,"to":1265754488625,"name":"sf","tk":"44289","e":"nse_fo"}],"functionName":"conversion"}
{"level":"debug","datetime":"2025-11-12T06:25:20.292Z","message":"HSM raw data","data":[{"ltp":185.2,"v":75401325,"bq":750,"bs":150,"bp":185.2,"sp":185.5,"tbq":2918100,"tsq":524700,"cng":73.4,"nc":65.65,"to":1265762042775,"name":"sf","tk":"44289","e":"nse_fo"}],"functionName":"conversion"}
{"level":"debug","datetime":"2025-11-12T06:25:21.050Z","message":"HSM raw data","data":[{"ltp":185.45,"fdtm":1762928719,"cng":73.65,"nc":65.88,"name":"sf","tk":"44289","e":"nse_fo"}],"functionName":"conversion"}
{"level":"debug","datetime":"2025-11-12T06:25:21.503Z","message":"HSM raw data","data":[{"ltp":185.6,"v":75403275,"ltt":1762928720,"fdtm":1762928720,"bq":225,"bs":75,"bp":185.1,"sp":185.3,"tbq":2915625,"tsq":526200,"cng":73.8,"nc":66.01,"to":1265794777425,"name":"sf","tk":"44289","e":"nse_fo"}],"functionName":"conversion"}
{"level":"debug","datetime":"2025-11-12T06:25:21.929Z","message":"HSM raw data","data":[{"ltp":185.3,"v":75404475,"bq":5700,"bs":150,"bp":185,"sp":185.25,"tbq":2915475,"tsq":528000,"ap":167.88,"cng":73.5,"nc":65.74,"to":1265890326300,"name":"sf","tk":"44289","e":"nse_fo"}],"functionName":"conversion"}
{"level":"debug","datetime":"2025-11-12T06:25:22.443Z","message":"HSM raw data","data":[{"ltp":185.45,"cng":73.65,"nc":65.88,"name":"sf","tk":"44289","e":"nse_fo"}],"functionName":"conversion"}
{"level":"debug","datetime":"2025-11-12T06:25:22.856Z","message":"HSM raw data","data":[{"ltp":185.5,"fdtm":1762928721,"cng":73.7,"nc":65.92,"name":"sf","tk":"44289","e":"nse_fo"}],"functionName":"conversion"}
{"level":"debug","datetime":"2025-11-12T06:25:23.160Z","message":"HSM raw data","data":[{"ltp":185.2,"ltq":150,"cng":73.4,"nc":65.65,"name":"sf","tk":"44289","e":"nse_fo"}],"functionName":"conversion"}
{"level":"debug","datetime":"2025-11-12T06:25:23.522Z","message":"HSM raw data","data":[{"v":75406800,"ltt":1762928721,"bq":375,"bs":75,"bp":185.25,"sp":185.45,"tbq":2917800,"tsq":527175,"to":1265929358400,"name":"sf","tk":"44289","e":"nse_fo"}],"functionName":"conversion"}
{"level":"debug","datetime":"2025-11-12T06:25:24.027Z","message":"HSM raw data","data":[{"ltp":185.4,"v":75407025,"ltt":1762928722,"fdtm":1762928722,"bq":150,"bs":900,"bp":185.1,"ltq":75,"tbq":2915550,"tsq":527850,"cng":73.6,"nc":65.83,"to":1265933135700,"name":"sf","tk":"44289","e":"nse_fo"}],"functionName":"conversion"}
{"level":"debug","datetime":"2025-11-12T06:25:24.334Z","message":"HSM raw data","data":[{"ltp":185.05,"cng":73.25,"nc":65.52,"name":"sf","tk":"44289","e":"nse_fo"}],"functionName":"conversion"}
{"level":"debug","datetime":"2025-11-12T06:25:25.105Z","message":"HSM raw data","data":[{"ltp":185.55,"v":75414000,"ltt":1762928723,"fdtm":1762928723,"bq":600,"bs":1275,"bp":185.3,"sp":185.65,"tbq":2918700,"tsq":526050,"cng":73.75,"nc":65.97,"to":1266050232000,"name":"sf","tk":"44289","e":"nse_fo"}],"functionName":"conversion"}
{"level":"debug","datetime":"2025-11-12T06:25:26.013Z","message":"HSM raw data","data":[{"ltp":185.2,"fdtm":1762928724,"cng":73.4,"nc":65.65,"name":"sf","tk":"44289","e":"nse_fo"}],"functionName":"conversion"}
{"level":"debug","datetime":"2025-11-12T06:25:26.450Z","message":"HSM raw data","data":[{"ltp":185.35,"v":75416625,"ltt":1762928724,"fdtm":1762928725,"bs":300,"bp":185.15,"sp":185.45,"tbq":2911575,"tsq":527775,"cng":73.55,"nc":65.79,"to":1266094300500,"name":"sf","tk":"44289","e":"nse_fo"}],"functionName":"conversion"}
{"level":"debug","datetime":"2025-11-12T06:25:26.727Z","message":"HSM raw data","data":[{"ltp":185.45,"v":75417525,"ltt":1762928725,"bq":975,"bs":375,"sp":185.5,"tbq":2911500,"tsq":527700,"cng":73.65,"nc":65.88,"to":1266109409700,"name":"sf","tk":"44289","e":"nse_fo"}],"functionName":"conversion"}
{"level":"debug","datetime":"2025-11-12T06:25:27.353Z","message":"HSM raw data","data":[{"ltp":185.15,"cng":73.35,"nc":65.61,"name":"sf","tk":"44289","e":"nse_fo"}],"functionName":"conversion"}
{"level":"debug","datetime":"2025-11-12T06:25:27.922Z","message":"HSM raw data","data":[{"ltp":185.45,"fdtm":1762928726,"cng":73.65,"nc":65.88,"name":"sf","tk":"44289","e":"nse_fo"}],"functionName":"conversion"}
{"level":"debug","datetime":"2025-11-12T06:25:28.452Z","message":"HSM raw data","data":[{"ltp":185.35,"v":75418950,"ltt":1762928727,"fdtm":1762928727,"bq":825,"bs":450,"bp":185.2,"sp":185.4,"tbq":2913150,"tsq":527475,"cng":73.55,"nc":65.79,"to":1266133332600,"name":"sf","tk":"44289","e":"nse_fo"}],"functionName":"conversion"}
{"level":"debug","datetime":"2025-11-12T06:25:28.845Z","message":"HSM raw data","data":[{"ltp":185.2,"cng":73.4,"nc":65.65,"name":"sf","tk":"44289","e":"nse_fo"}],"functionName":"conversion"}
{"level":"debug","datetime":"2025-11-12T06:25:29.314Z","message":"HSM raw data","data":[{"ltp":184.55,"cng":72.75,"nc":65.07,"name":"sf","tk":"44289","e":"nse_fo"}],"functionName":"conversion"}
{"level":"debug","datetime":"2025-11-12T06:25:30.108Z","message":"HSM raw data","data":[{"ltp":184.4,"v":75435450,"ltt":1762928728,"fdtm":1762928728,"bq":300,"bs":1425,"bp":184.4,"sp":184.75,"ltq":150,"tbq":2904825,"tsq":536100,"cng":72.6,"nc":64.94,"to":1266410334600,"name":"sf","tk":"44289","e":"nse_fo"}],"functionName":"conversion"}
{"level":"debug","datetime":"2025-11-12T06:25:30.456Z","message":"HSM raw data","data":[{"ltp":184.95,"v":75436050,"bq":375,"bs":225,"bp":184.6,"sp":184.95,"ltq":75,"tbq":2910375,"tsq":528825,"cng":73.15,"nc":65.43,"to":1266420407400,"name":"sf","tk":"44289","e":"nse_fo"}],"functionName":"conversion"}
{"level":"debug","datetime":"2025-11-12T06:25:30.912Z","message":"HSM raw data","data":[{"ltp":184.8,"fdtm":1762928729,"cng":73,"nc":65.3,"name":"sf","tk":"44289","e":"nse_fo"}],"functionName":"conversion"}
{"level":"debug","datetime":"2025-11-12T06:25:31.296Z","message":"HSM raw data","data":[{"ltp":184.9,"ltq":225,"cng":73.1,"nc":65.38,"name":"sf","tk":"44289","e":"nse_fo"}],"functionName":"conversion"}
{"level":"debug","datetime":"2025-11-12T06:25:31.863Z","message":"HSM raw data","data":[{"ltp":184.75,"v":75436950,"ltt":1762928730,"fdtm":1762928730,"bq":825,"bs":1875,"bp":184.55,"sp":184.75,"ltq":75,"tbq":2904600,"tsq":532050,"cng":72.95,"nc":65.25,"to":1266435516600,"name":"sf","tk":"44289","e":"nse_fo"}],"functionName":"conversion"}
{"level":"debug","datetime":"2025-11-12T06:25:32.233Z","message":"HSM raw data","data":[{"ltp":184.65,"v":75437325,"bq":750,"bs":450,"ltq":150,"tbq":2905350,"tsq":530625,"cng":72.85,"nc":65.16,"to":1266441812100,"name":"sf","tk":"44289","e":"nse_fo"}],"functionName":"conversion"}
{"level":"debug","datetime":"2025-11-12T06:25:33.092Z","message":"HSM raw data","data":[{"ltp":185,"v":75440400,"ltt":1762928731,"fdtm":1762928731,"bq":300,"bs":150,"bp":184.75,"sp":185,"ltq":75,"tbq":2908425,"tsq":526800,"cng":73.2,"nc":65.47,"to":1266493435200,"name":"sf","tk":"44289","e":"nse_fo"}],"functionName":"conversion"}
{"level":"debug","datetime":"2025-11-12T06:25:33.926Z","message":"HSM raw data","data":[{"ltp":185.35,"v":75440700,"ltt":1762928732,"fdtm":1762928732,"bq":225,"bs":1275,"bp":185.2,"sp":185.35,"tbq":2909250,"tsq":525300,"cng":73.55,"nc":65.79,"to":1266498471600,"name":"sf","tk":"44289","e":"nse_fo"}],"functionName":"conversion"}
{"level":"debug","datetime":"2025-11-12T06:25:34.320Z","message":"HSM raw data","data":[{"ltp":184.85,"ltq":150,"cng":73.05,"nc":65.34,"name":"sf","tk":"44289","e":"nse_fo"}],"functionName":"conversion"}
{"level":"debug","datetime":"2025-11-12T06:25:35.140Z","message":"HSM raw data","data":[{"ltp":184.8,"v":75445200,"ltt":1762928733,"fdtm":1762928733,"bq":300,"bs":75,"bp":184.8,"sp":185,"tbq":2906250,"tsq":530175,"cng":73,"nc":65.3,"to":1266574017600,"name":"sf","tk":"44289","e":"nse_fo"}],"functionName":"conversion"}
{"level":"debug","datetime":"2025-11-12T06:25:35.370Z","message":"HSM raw data","data":[{"ltp":185.35,"v":75445575,"bq":750,"bs":225,"bp":184.95,"sp":185.3,"ltq":75,"tbq":2908200,"tsq":529275,"cng":73.55,"nc":65.79,"to":1266580313100,"name":"sf","tk":"44289","e":"nse_fo"}],"functionName":"conversion"}
{"level":"debug","datetime":"2025-11-12T06:25:36.267Z","message":"HSM raw data","data":[{"fdtm":1762928734,"name":"sf","tk":"44289","e":"nse_fo"}],"functionName":"conversion"}
{"level":"debug","datetime":"2025-11-12T06:25:36.676Z","message":"HSM raw data","data":[{"ltp":185.4,"v":75446325,"ltt":1762928735,"fdtm":1762928735,"bs":900,"bp":185,"sp":185.35,"ltq":150,"tsq":529425,"cng":73.6,"nc":65.83,"to":1266592904100,"name":"sf","tk":"44289","e":"nse_fo"}],"functionName":"conversion"}
{"level":"debug","datetime":"2025-11-12T06:25:36.998Z","message":"HSM raw data","data":[{"v":75446475,"bq":1200,"bs":2550,"sp":185.4,"ltq":75,"tbq":2908800,"tsq":527700,"to":1266595422300,"name":"sf","tk":"44289","e":"nse_fo"}],"functionName":"conversion"}
{"level":"debug","datetime":"2025-11-12T06:25:37.494Z","message":"HSM raw data","data":[{"ltp":185,"cng":73.2,"nc":65.47,"name":"sf","tk":"44289","e":"nse_fo"}],"functionName":"conversion"}
{"level":"debug","datetime":"2025-11-12T06:25:38.211Z","message":"HSM raw data","data":[{"v":75449850,"ltt":1762928736,"fdtm":1762928736,"bq":150,"bs":825,"bp":184.95,"sp":185.3,"tbq":2908125,"tsq":531600,"ap":167.89,"to":1266727531650,"name":"sf","tk":"44289","e":"nse_fo"}],"functionName":"conversion"}
{"level":"debug","datetime":"2025-11-12T06:25:38.727Z","message":"HSM raw data","data":[{"ltp":185.3,"v":75450825,"ltt":1762928737,"fdtm":1762928737,"bq":1725,"bs":1875,"bp":184.9,"sp":185.35,"tbq":2908425,"tsq":528000,"cng":73.5,"nc":65.74,"to":1266743900925,"name":"sf","tk":"44289","e":"nse_fo"}],"functionName":"conversion"}
{"level":"debug","datetime":"2025-11-12T06:25:39.134Z","message":"HSM raw data","data":[{"ltp":185.25,"cng":73.45,"nc":65.7,"name":"sf","tk":"44289","e":"nse_fo"}],"functionName":"conversion"}
{"level":"debug","datetime":"2025-11-12T06:25:39.543Z","message":"HSM raw data","data":[{"ltp":184.8,"ltq":150,"cng":73,"nc":65.3,"name":"sf","tk":"44289","e":"nse_fo"}],"functionName":"conversion"}
{"level":"debug","datetime":"2025-11-12T06:25:39.962Z","message":"HSM raw data","data":[{"ltp":184.7,"v":75453900,"ltt":1762928738,"fdtm":1762928738,"bq":825,"bs":900,"bp":184.7,"sp":185.1,"tbq":2908200,"tsq":529725,"cng":72.9,"nc":65.21,"to":1266795527100,"name":"sf","tk":"44289","e":"nse_fo"}],"functionName":"conversion"}
{"level":"debug","datetime":"2025-11-12T06:25:40.256Z","message":"HSM raw data","data":[{"ltp":185.1,"v":75453975,"bq":525,"bs":975,"ltq":75,"tbq":2906850,"tsq":530400,"cng":73.3,"nc":65.56,"to":1266796786275,"name":"sf","tk":"44289","e":"nse_fo"}],"functionName":"conversion"}
{"level":"debug","datetime":"2025-11-12T06:25:41.183Z","message":"HSM raw data","data":[{"ltp":184.8,"fdtm":1762928739,"ltq":375,"cng":73,"nc":65.3,"name":"sf","tk":"44289","e":"nse_fo"}],"functionName":"conversion"}
{"level":"debug","datetime":"2025-11-12T06:25:41.593Z","message":"HSM raw data","data":[{"v":75454800,"ltt":1762928739,"fdtm":1762928740,"bs":1125,"bp":184.8,"sp":184.95,"tbq":2905725,"tsq":530025,"to":1266810637200,"name":"sf","tk":"44289","e":"nse_fo"}],"functionName":"conversion"}
{"level":"debug","datetime":"2025-11-12T06:25:42.012Z","message":"HSM raw data","data":[{"ltp":184.95,"v":75455100,"ltt":1762928740,"bs":1275,"sp":185.1,"ltq":150,"tbq":2906175,"tsq":527325,"cng":73.15,"nc":65.43,"to":1266815673900,"name":"sf","tk":"44289","e":"nse_fo"}],"functionName":"conversion"}
{"level":"debug","datetime":"2025-11-12T06:25:42.413Z","message":"HSM raw data","data":[{"ltp":184.65,"ltq":75,"cng":72.85,"nc":65.16,"name":"sf","tk":"44289","e":"nse_fo"}],"functionName":"conversion"}
{"level":"debug","datetime":"2025-11-12T06:25:43.231Z","message":"HSM raw data","data":[{"ltp":184.5,"v":75458025,"ltt":1762928741,"fdtm":1762928741,"bq":1575,"bs":300,"bp":184.15,"sp":184.5,"ltq":300,"tbq":2905050,"tsq":532800,"oi":3692625,"cng":72.7,"nc":65.03,"to":1266864781725,"name":"sf","tk":"44289","e":"nse_fo"}],"functionName":"conversion"}
{"level":"debug","datetime":"2025-11-12T06:25:44.038Z","message":"HSM raw data","data":[{"ltp":185.05,"v":75473925,"ltt":1762928742,"fdtm":1762928742,"bq":1650,"bs":600,"bp":184.75,"sp":185.15,"ltq":75,"tbq":2908500,"tsq":555150,"cng":73.25,"nc":65.52,"to":1267131726825,"name":"sf","tk":"44289","e":"nse_fo"}],"functionName":"conversion"}
{"level":"debug","datetime":"2025-11-12T06:25:44.483Z","message":"HSM raw data","data":[{"ltp":184.7,"cng":72.9,"nc":65.21,"name":"sf","tk":"44289","e":"nse_fo"}],"functionName":"conversion"}
{"level":"debug","datetime":"2025-11-12T06:25:45.277Z","message":"HSM raw data","data":[{"ltp":184.85,"v":75475425,"ltt":1762928743,"fdtm":1762928743,"bq":975,"bs":150,"bp":184.85,"sp":185.05,"tbq":2909700,"tsq":529050,"cng":73.05,"nc":65.34,"to":1267156910325,"name":"sf","tk":"44289","e":"nse_fo"}],"functionName":"conversion"}
{"level":"debug","datetime":"2025-11-12T06:25:45.587Z","message":"HSM raw data","data":[{"ltp":185.2,"v":75475725,"bq":75,"bs":900,"bp":185.05,"sp":185.25,"tbq":2908275,"tsq":527475,"cng":73.4,"nc":65.65,"to":1267161947025,"name":"sf","tk":"44289","e":"nse_fo"}],"functionName":"conversion"}
{"level":"debug","datetime":"2025-11-12T06:25:46.402Z","message":"HSM raw data","data":[{"ltp":184.85,"fdtm":1762928744,"cng":73.05,"nc":65.34,"name":"sf","tk":"44289","e":"nse_fo"}],"functionName":"conversion"}
{"level":"debug","datetime":"2025-11-12T06:25:46.736Z","message":"HSM raw data","data":[{"ltp":185.2,"v":75477450,"ltt":1762928745,"fdtm":1762928745,"bq":375,"bs":750,"bp":185.1,"sp":185.4,"ltq":225,"tbq":2910300,"tsq":526575,"cng":73.4,"nc":65.65,"to":1267190908050,"name":"sf","tk":"44289","e":"nse_fo"}],"functionName":"conversion"}
{"level":"debug","datetime":"2025-11-12T06:25:47.188Z","message":"HSM raw data","data":[{"ltp":185,"ltq":75,"cng":73.2,"nc":65.47,"name":"sf","tk":"44289","e":"nse_fo"}],"functionName":"conversion"}
{"level":"debug","datetime":"2025-11-12T06:25:48.067Z","message":"HSM raw data","data":[{"ltp":185.3,"v":75478725,"ltt":1762928746,"fdtm":1762928746,"bq":225,"bs":300,"bp":185,"sp":185.3,"tbq":2911125,"tsq":529950,"cng":73.5,"nc":65.74,"to":1267212314025,"name":"sf","tk":"44289","e":"nse_fo"}],"functionName":"conversion"}
{"level":"debug","datetime":"2025-11-12T06:25:48.801Z","message":"HSM raw data","data":[{"ltp":184.95,"v":75478875,"ltt":1762928747,"fdtm":1762928747,"bq":525,"bs":1650,"sp":185.4,"tbq":2909775,"tsq":526350,"cng":73.15,"nc":65.43,"to":1267214832375,"name":"sf","tk":"44289","e":"nse_fo"}],"functionName":"conversion"}
{"level":"debug","datetime":"2025-11-12T06:25:49.231Z","message":"HSM raw data","data":[{"ltp":185.35,"cng":73.55,"nc":65.79,"name":"sf","tk":"44289","e":"nse_fo"}],"functionName":"conversion"}
{"level":"debug","datetime":"2025-11-12T06:25:50.065Z","message":"HSM raw data","data":[{"ltp":185.2,"v":75480075,"ltt":1762928748,"fdtm":1762928748,"bq":375,"bs":825,"bp":184.9,"sp":185.2,"tbq":2912925,"tsq":528000,"cng":73.4,"nc":65.65,"to":1267234979175,"name":"sf","tk":"44289","e":"nse_fo"}],"functionName":"conversion"}
{"level":"debug","datetime":"2025-11-12T06:25:50.359Z","message":"HSM raw data","data":[{"v":75480150,"bq":450,"bs":2100,"bp":184.8,"tbq":2909925,"tsq":529050,"to":1267236238350,"name":"sf","tk":"44289","e":"nse_fo"}],"functionName":"conversion"}
{"level":"debug","datetime":"2025-11-12T06:25:51.182Z","message":"HSM raw data","data":[{"ltp":185.15,"fdtm":1762928749,"cng":73.35,"nc":65.61,"name":"sf","tk":"44289","e":"nse_fo"}],"functionName":"conversion"}
{"level":"debug","datetime":"2025-11-12T06:25:51.744Z","message":"HSM raw data","data":[{"ltp":185.2,"v":75481200,"ltt":1762928750,"fdtm":1762928750,"bq":1575,"bs":150,"bp":185,"ltq":150,"tbq":2915025,"tsq":527700,"cng":73.4,"nc":65.65,"to":1267253866800,"name":"sf","tk":"44289","e":"nse_fo"}],"functionName":"conversion"}
{"level":"debug","datetime":"2025-11-12T06:25:52.036Z","message":"HSM raw data","data":[{"ltp":185.1,"v":75481725,"bq":1275,"bp":185.1,"ltq":75,"tbq":2916450,"tsq":526050,"cng":73.3,"nc":65.56,"to":1267262681025,"name":"sf","tk":"44289","e":"nse_fo"}],"functionName":"conversion"}
{"level":"debug","datetime":"2025-11-12T06:25:52.548Z","message":"HSM raw data","data":[{"ltp":185.4,"cng":73.6,"nc":65.83,"name":"sf","tk":"44289","e":"nse_fo"}],"functionName":"conversion"}
{"level":"debug","datetime":"2025-11-12T06:25:53.369Z","message":"HSM raw data","data":[{"v":75481950,"fdtm":1762928751,"bq":225,"bs":600,"bp":185,"sp":185.3,"tbq":2912175,"tsq":531150,"to":1267266458550,"name":"sf","tk":"44289","e":"nse_fo"}],"functionName":"conversion"}
{"level":"debug","datetime":"2025-11-12T06:25:53.831Z","message":"HSM raw data","data":[{"ltp":184.95,"v":75482325,"ltt":1762928752,"fdtm":1762928752,"bq":600,"bs":1050,"bp":184.95,"sp":185.35,"tbq":2914425,"tsq":531450,"cng":73.15,"nc":65.43,"to":1267272754425,"name":"sf","tk":"44289","e":"nse_fo"}],"functionName":"conversion"}
{"level":"debug","datetime":"2025-11-12T06:25:54.446Z","message":"HSM raw data","data":[{"ltp":185.35,"cng":73.55,"nc":65.79,"name":"sf","tk":"44289","e":"nse_fo"}],"functionName":"conversion"}
{"level":"debug","datetime":"2025-11-12T06:25:54.967Z","message":"HSM raw data","data":[{"ltp":185.3,"v":75483525,"ltt":1762928753,"fdtm":1762928753,"bq":1650,"bp":185,"sp":185.3,"tbq":2914275,"tsq":534000,"cng":73.5,"nc":65.74,"to":1267292901225,"name":"sf","tk":"44289","e":"nse_fo"}],"functionName":"conversion"}
{"level":"debug","datetime":"2025-11-12T06:25:55.219Z","message":"HSM raw data","data":[{"ltp":185.35,"v":75483675,"bq":1950,"bs":600,"sp":185.35,"tbq":2915025,"tsq":533400,"cng":73.55,"nc":65.79,"to":1267295419575,"name":"sf","tk":"44289","e":"nse_fo"}],"functionName":"conversion"}
{"level":"debug","datetime":"2025-11-12T06:25:55.773Z","message":"HSM raw data","data":[{"ltp":185.15,"fdtm":1762928754,"ltq":150,"cng":73.35,"nc":65.61,"name":"sf","tk":"44289","e":"nse_fo"}],"functionName":"conversion"}
{"level":"debug","datetime":"2025-11-12T06:25:56.206Z","message":"HSM raw data","data":[{"ltp":185.4,"ltq":75,"cng":73.6,"nc":65.83,"name":"sf","tk":"44289","e":"nse_fo"}],"functionName":"conversion"}
{"level":"debug","datetime":"2025-11-12T06:25:56.554Z","message":"HSM raw data","data":[{"v":75486000,"ltt":1762928755,"fdtm":1762928755,"bq":1125,"bs":1275,"sp":185.4,"tbq":2912475,"tsq":533925,"to":1267334454000,"name":"sf","tk":"44289","e":"nse_fo"}],"functionName":"conversion"}
{"level":"debug","datetime":"2025-11-12T06:25:57.006Z","message":"HSM raw data","data":[{"ltp":185,"v":75486225,"bq":375,"bs":1050,"sp":185.35,"ltq":150,"tbq":2909850,"tsq":534075,"cng":73.2,"nc":65.47,"to":1267338231525,"name":"sf","tk":"44289","e":"nse_fo"}],"functionName":"conversion"}
{"level":"debug","datetime":"2025-11-12T06:25:57.317Z","message":"HSM raw data","data":[{"ltq":75,"name":"sf","tk":"44289","e":"nse_fo"}],"functionName":"conversion"}
{"level":"debug","datetime":"2025-11-12T06:25:58.210Z","message":"HSM raw data","data":[{"ltp":185.25,"v":75489000,"ltt":1762928756,"fdtm":1762928756,"bq":525,"bs":375,"tbq":2912250,"tsq":536175,"cng":73.45,"nc":65.7,"to":1267384821000,"name":"sf","tk":"44289","e":"nse_fo"}],"functionName":"conversion"}
{"level":"debug","datetime":"2025-11-12T06:25:58.943Z","message":"HSM raw data","data":[{"fdtm":1762928757,"bs":450,"bp":184.85,"sp":185.25,"tbq":2911275,"tsq":537075,"name":"sf","tk":"44289","e":"nse_fo"}],"functionName":"conversion"}
{"level":"debug","datetime":"2025-11-12T06:25:59.411Z","message":"HSM raw data","data":[{"ltp":184.85,"ltq":150,"cng":73.05,"nc":65.34,"name":"sf","tk":"44289","e":"nse_fo"}],"functionName":"conversion"}
{"level":"debug","datetime":"2025-11-12T06:26:00.203Z","message":"HSM raw data","data":[{"ltp":185.2,"v":75490200,"ltt":1762928758,"fdtm":1762928758,"bq":150,"bs":375,"bp":185,"sp":185.35,"ltq":75,"tbq":2916000,"tsq":535500,"cng":73.4,"nc":65.65,"to":1267404967800,"name":"sf","tk":"44289","e":"nse_fo"}],"functionName":"conversion"}
{"level":"debug","datetime":"2025-11-12T06:26:00.479Z","message":"HSM raw data","data":[{"ltp":184.95,"v":75490500,"bq":2100,"bs":825,"bp":184.85,"sp":184.95,"tbq":2912925,"tsq":535875,"cng":73.15,"nc":65.43,"to":1267410004500,"name":"sf","tk":"44289","e":"nse_fo"}],"functionName":"conversion"}
{"level":"debug","datetime":"2025-11-12T06:26:01.001Z","message":"HSM raw data","data":[{"ltp":184.9,"fdtm":1762928759,"ltq":150,"cng":73.1,"nc":65.38,"name":"sf","tk":"44289","e":"nse_fo"}],"functionName":"conversion"}
{"level":"debug","datetime":"2025-11-12T06:26:01.464Z","message":"HSM raw data","data":[{"ltp":185.3,"ltq":75,"cng":73.5,"nc":65.74,"name":"sf","tk":"44289","e":"nse_fo"}],"functionName":"conversion"}
{"level":"debug","datetime":"2025-11-12T06:26:01.842Z","message":"HSM raw data","data":[{"v":75494250,"ltt":1762928760,"fdtm":1762928760,"bq":1275,"bs":600,"bp":185.05,"sp":185.3,"ltq":150,"tbq":2911125,"tsq":538275,"ap":167.9,"to":1267548457500,"name":"sf","tk":"44289","e":"nse_fo"}],"functionName":"conversion"}
{"level":"debug","datetime":"2025-11-12T06:26:02.220Z","message":"HSM raw data","data":[{"ltp":185.05,"ltq":225,"cng":73.25,"nc":65.52,"name":"sf","tk":"44289","e":"nse_fo"}],"functionName":"conversion"}
{"level":"debug","datetime":"2025-11-12T06:26:03.069Z","message":"HSM raw data","data":[{"ltp":184.95,"v":75496200,"ltt":1762928761,"fdtm":1762928761,"bq":225,"bs":75,"bp":184.9,"sp":185,"ltq":75,"tbq":2914350,"tsq":536850,"cng":73.15,"nc":65.43,"to":1267581198000,"name":"sf","tk":"44289","e":"nse_fo"}],"functionName":"conversion"}
{"level":"debug","datetime":"2025-11-12T06:26:03.852Z","message":"HSM raw data","data":[{"ltp":185.2,"v":75498525,"ltt":1762928762,"fdtm":1762928762,"bq":150,"bs":525,"bp":184.95,"sp":185.3,"tbq":2918625,"tsq":534300,"cng":73.4,"nc":65.65,"to":1267620234750,"name":"sf","tk":"44289","e":"nse_fo"}],"functionName":"conversion"}
{"level":"debug","datetime":"2025-11-12T06:26:05.062Z","message":"HSM raw data","data":[{"ltp":184.8,"v":75500775,"ltt":1762928763,"fdtm":1762928763,"bq":1050,"bs":675,"bp":184.8,"sp":185.2,"tbq":2912850,"tsq":535275,"cng":73,"nc":65.3,"to":1267658012250,"name":"sf","tk":"44289","e":"nse_fo"}],"functionName":"conversion"}
{"level":"debug","datetime":"2025-11-12T06:26:06.303Z","message":"HSM raw data","data":[{"ltp":185.2,"v":75502875,"ltt":1762928764,"fdtm":1762928764,"bq":75,"bs":2175,"bp":184.95,"sp":185.25,"tbq":2915550,"tsq":538875,"cng":73.4,"nc":65.65,"to":1267693271250,"name":"sf","tk":"44289","e":"nse_fo"}],"functionName":"conversion"}
{"level":"debug","datetime":"2025-11-12T06:26:06.682Z","message":"HSM raw data","data":[{"v":75503475,"ltt":1762928765,"fdtm":1762928765,"bq":525,"bs":900,"bp":184.7,"sp":185,"tbq":2913600,"tsq":539250,"to":1267703345250,"name":"sf","tk":"44289","e":"nse_fo"}],"functionName":"conversion"}
{"level":"debug","datetime":"2025-11-12T06:26:07.075Z","message":"HSM raw data","data":[{"ltp":184.95,"cng":73.15,"nc":65.43,"name":"sf","tk":"44289","e":"nse_fo"}],"functionName":"conversion"}
{"level":"debug","datetime":"2025-11-12T06:26:07.521Z","message":"HSM raw data","data":[{"ltp":184.7,"cng":72.9,"nc":65.21,"name":"sf","tk":"44289","e":"nse_fo"}],"functionName":"conversion"}
{"level":"debug","datetime":"2025-11-12T06:26:07.824Z","message":"HSM raw data","data":[{"ltp":184.65,"fdtm":1762928766,"cng":72.85,"nc":65.16,"name":"sf","tk":"44289","e":"nse_fo"}],"functionName":"conversion"}
{"level":"debug","datetime":"2025-11-12T06:26:08.242Z","message":"HSM raw data","data":[{"ltp":184.6,"v":75504750,"ltt":1762928766,"bq":2100,"bs":150,"bp":184.75,"ltq":225,"tbq":2918775,"tsq":537600,"cng":72.8,"nc":65.12,"to":1267724752500,"name":"sf","tk":"44289","e":"nse_fo"}],"functionName":"conversion"}
{"level":"debug","datetime":"2025-11-12T06:26:08.696Z","message":"HSM raw data","data":[{"ltp":184.7,"v":75507375,"fdtm":1762928767,"bq":2325,"bs":75,"ltq":675,"tbq":2922375,"cng":72.9,"nc":65.21,"to":1267768826250,"name":"sf","tk":"44289","e":"nse_fo"}],"functionName":"conversion"}
{"level":"debug","datetime":"2025-11-12T06:26:09.116Z","message":"HSM raw data","data":[{"ltp":185.1,"ltq":75,"cng":73.3,"nc":65.56,"name":"sf","tk":"44289","e":"nse_fo"}],"functionName":"conversion"}
{"level":"debug","datetime":"2025-11-12T06:26:09.399Z","message":"HSM raw data","data":[{"ltp":184.8,"v":75509325,"ltt":1762928768,"fdtm":1762928768,"bq":225,"bs":450,"bp":184.8,"sp":185.1,"tbq":2917950,"tsq":538125,"cng":73,"nc":65.3,"to":1267801566750,"name":"sf","tk":"44289","e":"nse_fo"}],"functionName":"conversion"}
{"level":"debug","datetime":"2025-11-12T06:26:09.973Z","message":"HSM raw data","data":[{"ltp":185.1,"cng":73.3,"nc":65.56,"name":"sf","tk":"44289","e":"nse_fo"}],"functionName":"conversion"}
{"level":"debug","datetime":"2025-11-12T06:26:10.384Z","message":"HSM raw data","data":[{"ltp":184.7,"v":75510525,"bq":150,"bs":1500,"ltq":300,"tbq":2916675,"tsq":539100,"cng":72.9,"nc":65.21,"to":1267821714750,"name":"sf","tk":"44289","e":"nse_fo"}],"functionName":"conversion"}
{"level":"debug","datetime":"2025-11-12T06:26:10.713Z","message":"HSM raw data","data":[{"ltp":184.85,"fdtm":1762928769,"ltq":75,"cng":73.05,"nc":65.34,"name":"sf","tk":"44289","e":"nse_fo"}],"functionName":"conversion"}
{"level":"debug","datetime":"2025-11-12T06:26:11.190Z","message":"HSM raw data","data":[{"ltp":184.75,"cng":72.95,"nc":65.25,"name":"sf","tk":"44289","e":"nse_fo"}],"functionName":"conversion"}
{"level":"debug","datetime":"2025-11-12T06:26:11.536Z","message":"HSM raw data","data":[{"v":75512625,"ltt":1762928769,"bq":1800,"bs":150,"bp":184.75,"sp":184.9,"tbq":2917125,"tsq":537825,"to":1267856973750,"name":"sf","tk":"44289","e":"nse_fo"}],"functionName":"conversion"}
{"level":"debug","datetime":"2025-11-12T06:26:11.919Z","message":"HSM raw data","data":[{"ltp":185.05,"v":75512775,"ltt":1762928770,"fdtm":1762928770,"bq":150,"bs":225,"sp":185.1,"tbq":2919900,"tsq":538875,"cng":73.25,"nc":65.52,"to":1267859492250,"name":"sf","tk":"44289","e":"nse_fo"}],"functionName":"conversion"}
{"level":"debug","datetime":"2025-11-12T06:26:13.306Z","message":"HSM raw data","data":[{"ltp":184.5,"v":75514275,"ltt":1762928771,"fdtm":1762928771,"bs":450,"bp":184.5,"sp":184.8,"tbq":2915475,"tsq":541350,"cng":72.7,"nc":65.03,"to":1267884677250,"name":"sf","tk":"44289","e":"nse_fo"}],"functionName":"conversion"}
{"level":"debug","datetime":"2025-11-12T06:26:13.966Z","message":"HSM raw data","data":[{"ltp":184.85,"fdtm":1762928772,"cng":73.05,"nc":65.34,"name":"sf","tk":"44289","e":"nse_fo"}],"functionName":"conversion"}
{"level":"debug","datetime":"2025-11-12T06:26:14.405Z","message":"HSM raw data","data":[{"ltp":184.5,"v":75516075,"ltt":1762928773,"fdtm":1762928773,"bq":675,"bs":525,"sp":184.85,"tbq":2919150,"tsq":539475,"cng":72.7,"nc":65.03,"to":1267914899250,"name":"sf","tk":"44289","e":"nse_fo"}],"functionName":"conversion"}
{"level":"debug","datetime":"2025-11-12T06:26:15.146Z","message":"HSM raw data","data":[{"bq":375,"tbq":2918100,"tsq":540225,"name":"sf","tk":"44289","e":"nse_fo"}],"functionName":"conversion"}
{"level":"debug","datetime":"2025-11-12T06:26:15.559Z","message":"HSM raw data","data":[{"ltp":184.8,"cng":73,"nc":65.3,"name":"sf","tk":"44289","e":"nse_fo"}],"functionName":"conversion"}
{"level":"debug","datetime":"2025-11-12T06:26:15.992Z","message":"HSM raw data","data":[{"ltp":184.85,"fdtm":1762928774,"cng":73.05,"nc":65.34,"name":"sf","tk":"44289","e":"nse_fo"}],"functionName":"conversion"}
{"level":"debug","datetime":"2025-11-12T06:26:16.464Z","message":"HSM raw data","data":[{"v":75517275,"ltt":1762928774,"bq":225,"bs":225,"bp":184.55,"sp":184.8,"ltq":225,"tbq":2916000,"tsq":540525,"to":1267935047250,"name":"sf","tk":"44289","e":"nse_fo"}],"functionName":"conversion"}
{"level":"debug","datetime":"2025-11-12T06:26:16.765Z","message":"HSM raw data","data":[{"ltp":184.65,"v":75517575,"ltt":1762928775,"fdtm":1762928775,"bq":525,"bs":1500,"bp":184.5,"sp":184.6,"ltq":75,"tbq":2916600,"tsq":540825,"cng":72.85,"nc":65.16,"to":1267940084250,"name":"sf","tk":"44289","e":"nse_fo"}],"functionName":"conversion"}
{"level":"debug","datetime":"2025-11-12T06:26:17.273Z","message":"HSM raw data","data":[{"ltp":184.9,"cng":73.1,"nc":65.38,"name":"sf","tk":"44289","e":"nse_fo"}],"functionName":"conversion"}
{"level":"debug","datetime":"2025-11-12T06:26:18.041Z","message":"HSM raw data","data":[{"ltp":185,"v":75520275,"ltt":1762928776,"fdtm":1762928776,"bq":750,"bs":375,"bp":184.75,"sp":185,"ltq":300,"tbq":2919975,"tsq":534975,"cng":73.2,"nc":65.47,"to":1267985417250,"name":"sf","tk":"44289","e":"nse_fo"}],"functionName":"conversion"}
{"level":"debug","datetime":"2025-11-12T06:26:18.553Z","message":"HSM raw data","data":[{"v":75520575,"bq":1200,"bs":75,"bp":184.8,"ltq":75,"tbq":2917575,"tsq":533850,"to":1267990454250,"name":"sf","tk":"44289","e":"nse_fo"}],"functionName":"conversion"}
{"level":"debug","datetime":"2025-11-12T06:26:19.064Z","message":"HSM raw data","data":[{"ltp":185.1,"fdtm":1762928777,"cng":73.3,"nc":65.56,"name":"sf","tk":"44289","e":"nse_fo"}],"functionName":"conversion"}
{"level":"debug","datetime":"2025-11-12T06:26:19.277Z","message":"HSM raw data","data":[{"ltp":184.7,"ltq":150,"cng":72.9,"nc":65.21,"name":"sf","tk":"44289","e":"nse_fo"}],"functionName":"conversion"}
{"level":"debug","datetime":"2025-11-12T06:26:19.680Z","message":"HSM raw data","data":[{"ltp":185.1,"v":75524100,"ltt":1762928778,"fdtm":1762928778,"bq":2475,"bs":675,"bp":184.7,"sp":185.1,"tbq":2923200,"tsq":537600,"cng":73.3,"nc":65.56,"to":1268049639000,"name":"sf","tk":"44289","e":"nse_fo"}],"functionName":"conversion"}
{"level":"debug","datetime":"2025-11-12T06:26:20.192Z","message":"HSM raw data","data":[{"ltp":184.7,"v":75524325,"bq":375,"bs":825,"sp":185.05,"ltq":75,"tbq":2920425,"tsq":536775,"cng":72.9,"nc":65.21,"to":1268053416750,"name":"sf","tk":"44289","e":"nse_fo"}],"functionName":"conversion"}
{"level":"debug","datetime":"2025-11-12T06:26:21.318Z","message":"HSM raw data","data":[{"ltp":185.05,"v":75527625,"ltt":1762928779,"fdtm":1762928779,"bq":900,"bs":1350,"tbq":2917875,"tsq":538350,"cng":73.25,"nc":65.52,"to":1268108823750,"name":"sf","tk":"44289","e":"nse_fo"}],"functionName":"conversion"}
{"level":"debug","datetime":"2025-11-12T06:26:21.728Z","message":"HSM raw data","data":[{"fdtm":1762928780,"bs":900,"tbq":2918475,"tsq":538050,"name":"sf","tk":"44289","e":"nse_fo"}],"functionName":"conversion"}
{"level":"debug","datetime":"2025-11-12T06:26:22.555Z","message":"HSM raw data","data":[{"ltp":184.5,"cng":72.7,"nc":65.03,"name":"sf","tk":"44289","e":"nse_fo"}],"functionName":"conversion"}
{"level":"debug","datetime":"2025-11-12T06:26:22.891Z","message":"HSM raw data","data":[{"ltp":185,"v":75530175,"ltt":1762928781,"fdtm":1762928781,"bq":225,"bs":750,"sp":185,"ltq":225,"tbq":2913150,"tsq":547725,"cng":73.2,"nc":65.47,"to":1268151638250,"name":"sf","tk":"44289","e":"nse_fo"}],"functionName":"conversion"}
{"level":"debug","datetime":"2025-11-12T06:26:23.368Z","message":"HSM raw data","data":[{"bs":1050,"tbq":2913300,"tsq":542250,"name":"sf","tk":"44289","e":"nse_fo"}],"functionName":"conversion"}
